<?xml version="1.0" encoding="UTF-8"?>
<!-- Generated by org.testng.reporters.JUnitXMLReporter -->
<testsuite ignored="0" hostname="LAPTOP-OUVKAH54" failures="0" tests="4" name="Default test" time="30.002" errors="0" timestamp="07 Mar 2024 08:34:14 GMT">
  <testcase classname="testngproj.testngproj.NewTest" name="Test1" time="2.368"/>
  <testcase classname="testngproj.testngproj.NewTest" name="Test2" time="9.437"/>
  <testcase classname="testngproj.testngproj.NewTest" name="Test3" time="6.251"/>
  <testcase classname="testngproj.testngproj.NewTest" name="Test4" time="7.376"/>
</testsuite> <!-- Default test -->
