<?xml version="1.0" encoding="UTF-8"?>
<testng-results ignored="0" total="4" passed="4" failed="0" skipped="0">
  <reporter-output>
  </reporter-output>
  <suite started-at="2024-03-07T08:33:44Z" name="Default suite" finished-at="2024-03-07T08:34:14Z" duration-ms="30002">
    <groups>
    </groups>
    <test started-at="2024-03-07T08:33:44Z" name="Default test" finished-at="2024-03-07T08:34:14Z" duration-ms="30002">
      <class name="testngproj.testngproj.NewTest">
        <test-method is-config="true" signature="preTest()[pri:0, instance:testngproj.testngproj.NewTest@6239aba6]" started-at="2024-03-07T10:33:44Z" name="preTest" finished-at="2024-03-07T10:33:48Z" duration-ms="4414" status="PASS">
          <reporter-output>
          </reporter-output>
        </test-method> <!-- preTest -->
        <test-method signature="Test1()[pri:0, instance:testngproj.testngproj.NewTest@6239aba6]" started-at="2024-03-07T10:33:48Z" name="Test1" finished-at="2024-03-07T10:33:50Z" duration-ms="2368" status="PASS">
          <reporter-output>
          </reporter-output>
        </test-method> <!-- Test1 -->
        <test-method signature="Test2()[pri:0, instance:testngproj.testngproj.NewTest@6239aba6]" started-at="2024-03-07T10:33:50Z" name="Test2" finished-at="2024-03-07T10:34:00Z" duration-ms="9437" status="PASS">
          <reporter-output>
          </reporter-output>
        </test-method> <!-- Test2 -->
        <test-method signature="Test3()[pri:0, instance:testngproj.testngproj.NewTest@6239aba6]" started-at="2024-03-07T10:34:00Z" name="Test3" finished-at="2024-03-07T10:34:06Z" duration-ms="6251" status="PASS">
          <reporter-output>
          </reporter-output>
        </test-method> <!-- Test3 -->
        <test-method signature="Test4()[pri:0, instance:testngproj.testngproj.NewTest@6239aba6]" started-at="2024-03-07T10:34:06Z" name="Test4" finished-at="2024-03-07T10:34:14Z" duration-ms="7376" status="PASS">
          <reporter-output>
          </reporter-output>
        </test-method> <!-- Test4 -->
        <test-method is-config="true" signature="PostTest()[pri:0, instance:testngproj.testngproj.NewTest@6239aba6]" started-at="2024-03-07T10:34:14Z" name="PostTest" finished-at="2024-03-07T10:34:14Z" duration-ms="132" status="PASS">
          <reporter-output>
          </reporter-output>
        </test-method> <!-- PostTest -->
      </class> <!-- testngproj.testngproj.NewTest -->
    </test> <!-- Default test -->
  </suite> <!-- Default suite -->
</testng-results>
